[2025-11-06 22:16:34] [2025-11-06 22:16:34] ls
[2025-11-06 22:16:34] [2025-11-06 22:16:34] ls 
[2025-11-06 22:16:39] [2025-11-06 22:16:39] ls -l
[2025-11-06 22:16:39] [2025-11-06 22:16:39] ls -l
[2025-11-06 22:16:47] [2025-11-06 22:16:47] cd
[2025-11-06 22:16:47] [2025-11-06 22:16:47] cd 
[2025-11-06 22:17:12] [2025-11-06 22:17:12] cd ~
[2025-11-06 22:17:12] [2025-11-06 22:17:12] cd ~
[2025-11-06 22:17:29] [2025-11-06 22:17:29] cd ~/данек\Master
[2025-11-06 22:17:29] [2025-11-06 22:17:29] cd ~/данек\Master - No such directory
[2025-11-06 22:17:54] [2025-11-06 22:17:54] cd данек\Master
[2025-11-06 22:17:54] [2025-11-06 22:17:54] cd данек\Master
[2025-11-06 22:18:00] [2025-11-06 22:18:00] cd src
[2025-11-06 22:18:00] [2025-11-06 22:18:00] cd src
[2025-11-06 22:18:13] [2025-11-06 22:18:13] cat main.py
[2025-11-06 22:18:13] [2025-11-06 22:18:13] cat main.py
[2025-11-06 22:26:58] [2025-11-06 22:26:58] history
[2025-11-06 22:42:20] [2025-11-06 22:42:20] ls
[2025-11-06 22:42:20] [2025-11-06 22:42:20] ls 
[2025-11-06 22:42:29] [2025-11-06 22:42:29] rm remove.py
[2025-11-06 22:42:29] [2025-11-06 22:42:29] rm remove.py
[2025-11-06 22:42:33] [2025-11-06 22:42:33] ls
[2025-11-06 22:42:33] [2025-11-06 22:42:33] ls 
[2025-11-10 14:06:21] [2025-11-10 14:06:21] cd
[2025-11-10 14:06:21] [2025-11-10 14:06:21] cd 
[2025-11-10 14:07:02] [2025-11-10 14:07:02] cd /данек\Master
[2025-11-10 14:07:02] [2025-11-10 14:07:02] cd /данек\Master - No such directory
[2025-11-10 14:07:06] [2025-11-10 14:07:06] undo
[2025-11-10 14:07:16] [2025-11-10 14:07:16] undo cd /данек\Master
[2025-11-10 14:07:32] [2025-11-10 14:07:32] cd ..
[2025-11-10 14:07:32] [2025-11-10 14:07:32] cd ..
[2025-11-10 14:08:18] [2025-11-10 14:08:18] mv Stack.py src
[2025-11-10 14:08:18] [2025-11-10 14:08:18] mv Stack.py src
[2025-11-10 14:08:23] [2025-11-10 14:08:23] ls src
[2025-11-10 14:08:23] [2025-11-10 14:08:23] ls src
[2025-11-10 14:08:52] [2025-11-10 14:08:52] cd
[2025-11-10 14:08:52] [2025-11-10 14:08:52] cd 
[2025-11-10 14:09:04] [2025-11-10 14:09:04] cd данек\Master
[2025-11-10 14:09:04] [2025-11-10 14:09:04] cd данек\Master
[2025-11-10 14:10:52] [2025-11-10 14:10:52] cat tests_2\delete.py
[2025-11-10 14:10:52] [2025-11-10 14:10:52] cat tests_2\delete.py
[2025-11-10 14:11:09] [2025-11-10 14:11:09] history
[2025-11-10 14:12:12] [2025-11-10 14:12:12] rm ..\tests_2\delete.py
[2025-11-10 14:12:12] [2025-11-10 14:12:12] rm ..\tests_2\delete.py - name 'register_undo_action' is not defined
[2025-11-10 14:12:12] [2025-11-10 14:12:12] rm ..\tests_2\delete.py
[2025-11-10 14:13:08] [2025-11-10 14:13:08] rm ..\tests_2\delete.py
[2025-11-10 14:13:08] [2025-11-10 14:13:08] rm ..\tests_2\delete.py
[2025-11-10 14:13:36] [2025-11-10 14:13:36] ls ..\tests_2
[2025-11-10 14:13:36] [2025-11-10 14:13:36] ls ..\tests_2
[2025-11-10 14:17:21] [2025-11-10 14:17:21] ls
[2025-11-10 14:17:21] [2025-11-10 14:17:21] ls 
[2025-11-10 14:17:27] [2025-11-10 14:17:27] cd ..
[2025-11-10 14:17:27] [2025-11-10 14:17:27] cd ..
[2025-11-10 14:18:58] [2025-11-10 14:18:58] cd ..
[2025-11-10 14:18:58] [2025-11-10 14:18:58] cd ..
[2025-11-10 14:19:03] [2025-11-10 14:19:03] undo cd ..
[2025-11-10 15:07:26] [2025-11-10 15:07:26] rm /
[2025-11-10 15:07:26] [2025-11-10 15:07:26] rm /
